<?xml version="1.0" encoding="UTF-8"?>
<testsuite xmlns:xsi="http://www.w3.org/2001/XMLSchema-instance" xsi:noNamespaceSchemaLocation="https://maven.apache.org/surefire/maven-surefire-plugin/xsd/surefire-test-report.xsd" name="HelloTest" time="0.039" tests="8" errors="0" skipped="0" failures="0">
  <properties>
[...]
</properties>
  <testcase name="testHelloMixedArray" classname="HelloTest" time="0.02"/>
  <testcase name="testHello" classname="HelloTest" time="0.002"/>
  <testcase name="testHelloStringWithIntentionalComma" classname="HelloTest" time="0.002"/>
  <testcase name="testHelloArbArray" classname="HelloTest" time="0.003"/>
  <testcase name="testHelloNull" classname="HelloTest" time="0"/>
  <testcase name="testHelloStringWithComma" classname="HelloTest" time="0.001"/>
  <testcase name="testHelloArray" classname="HelloTest" time="0.001"/>
  <testcase name="testHelloShouting" classname="HelloTest" time="0.002"/>
</testsuite>