<?xml version="1.0" encoding="UTF-8"?>
<testsuite xmlns:xsi="http://www.w3.org/2001/XMLSchema-instance" xsi:noNamespaceSchemaLocation="https://maven.apache.org/surefire/maven-surefire-plugin/xsd/surefire-test-report.xsd" name="DBFacadeTest" time="1.122" tests="3" errors="0" skipped="0" failures="0">
  <properties>
[...]
</properties>
  <testcase name="testAll" classname="DBFacadeTest" time="1.061"/>
  <testcase name="testSpecific" classname="DBFacadeTest" time="0.028"/>
  <testcase name="testEdit" classname="DBFacadeTest" time="0.03"/>
</testsuite>